<?xml version="1.0" encoding="UTF-8"?>
<testng-results ignored="0" total="1" passed="1" failed="0" skipped="0">
  <reporter-output>
  </reporter-output>
  <suite started-at="2020-05-18T20:47:58Z" name="Suite" finished-at="2020-05-18T20:47:58Z" duration-ms="25">
    <groups>
    </groups>
    <test started-at="2020-05-18T20:47:58Z" name="Test" finished-at="2020-05-18T20:47:58Z" duration-ms="25">
      <class name="quickacademy.MavenJava.Test1">
        <test-method signature="demo()[pri:0, instance:quickacademy.MavenJava.Test1@7bedc48a]" started-at="2020-05-18T20:47:58Z" name="demo" finished-at="2020-05-18T20:47:58Z" duration-ms="5" status="PASS">
          <reporter-output>
          </reporter-output>
        </test-method> <!-- demo -->
      </class> <!-- quickacademy.MavenJava.Test1 -->
    </test> <!-- Test -->
  </suite> <!-- Suite -->
</testng-results>
