<?xml version="1.0" encoding="UTF-8"?>
<!-- Generated by org.testng.reporters.JUnitXMLReporter -->
<testsuite hostname="M3102945" ignored="0" name="Test" tests="4" failures="0" timestamp="22 Sep 2020 19:13:19 GMT" time="12.607" errors="0">
  <testcase name="selectDestinations" time="0.778" classname="tests.TestFlightBookingwithExcel"/>
  <testcase name="bookFlight" time="0.59" classname="tests.TestFlightBookingwithExcel"/>
  <testcase name="passengerDetails" time="1.401" classname="tests.TestFlightBookingwithExcel"/>
  <testcase name="flightConfirmation" time="0.073" classname="tests.TestFlightBookingwithExcel"/>
</testsuite> <!-- Test -->
